int			linea 1 columnas:1-3 Token: T_INT
c			linea 1 columnas:5-5 Token: T_IDENTIFICADOR
;			linea 1 columnas:6-6 Token: ';'
int			linea 3 columnas:1-3 Token: T_INT
f1			linea 3 columnas:5-6 Token: T_IDENTIFICADOR
(			linea 3 columnas:7-7 Token: '('
int			linea 3 columnas:8-10 Token: T_INT
d			linea 3 columnas:12-12 Token: T_IDENTIFICADOR
,			linea 3 columnas:13-13 Token: ','
int			linea 3 columnas:15-17 Token: T_INT
e			linea 3 columnas:19-19 Token: T_IDENTIFICADOR
)			linea 3 columnas:20-20 Token: ')'
{			linea 3 columnas:21-21 Token: '{'
int			linea 4 columnas:5-7 Token: T_INT
a			linea 4 columnas:9-9 Token: T_IDENTIFICADOR
;			linea 4 columnas:10-10 Token: ';'
bool			linea 5 columnas:5-8 Token: T_BOOL
b			linea 5 columnas:10-10 Token: T_IDENTIFICADOR
;			linea 5 columnas:11-11 Token: ';'
b			linea 6 columnas:5-5 Token: T_IDENTIFICADOR
=			linea 6 columnas:7-7 Token: '='
d			linea 6 columnas:9-9 Token: T_IDENTIFICADOR
>=			linea 6 columnas:11-12 Token: '>='
e			linea 6 columnas:14-14 Token: T_IDENTIFICADOR
;			linea 6 columnas:15-15 Token: ';'
if			linea 7 columnas:2-3 Token: T_IF
(			linea 7 columnas:5-5 Token: '('
!			linea 7 columnas:6-6 Token: '!'
b			linea 7 columnas:7-7 Token: T_IDENTIFICADOR
)			linea 7 columnas:8-8 Token: ')'
{			linea 8 columnas:2-2 Token: '{'
a			linea 9 columnas:6-6 Token: T_IDENTIFICADOR
=			linea 9 columnas:8-8 Token: '='
d			linea 9 columnas:10-10 Token: T_IDENTIFICADOR
+			linea 9 columnas:12-12 Token: '+'
e			linea 9 columnas:14-14 Token: T_IDENTIFICADOR
;			linea 9 columnas:15-15 Token: ';'
}			linea 10 columnas:2-2 Token: '}'
else			linea 11 columnas:2-5 Token: T_ELSE
a			linea 11 columnas:7-7 Token: T_IDENTIFICADOR
=			linea 11 columnas:9-9 Token: '='
2.34			linea 11 columnas:11-14 Token: T_CONST_DOUBLE (valor = 2.34)
;			linea 11 columnas:15-15 Token: ';'
return			linea 12 columnas:5-10 Token: T_RETURN
a			linea 12 columnas:12-12 Token: T_IDENTIFICADOR
;			linea 12 columnas:13-13 Token: ';'
}			linea 13 columnas:1-1 Token: '}'
/			linea 13 columnas:3-3 Token: '/'
/			linea 13 columnas:4-4 Token: '/'
No			linea 13 columnas:6-7 Token: T_IDENTIFICADOR
syntax			linea 13 columnas:9-14 Token: T_IDENTIFICADOR
errors			linea 13 columnas:16-21 Token: T_IDENTIFICADOR
should			linea 13 columnas:23-28 Token: T_IDENTIFICADOR
be			linea 13 columnas:30-31 Token: T_IDENTIFICADOR
found			linea 13 columnas:33-37 Token: T_IDENTIFICADOR
!			linea 13 columnas:38-38 Token: '!'
!			linea 13 columnas:39-39 Token: '!'
!			linea 13 columnas:40-40 Token: '!'
