<			linea 1 columnas:0-1 Token: <
*** Error linea 1.*** El caracter: ? ,No pertenece a MiniC# 
php			linea 1 columnas:2-5 Token: T_IDENTIFICADOR
*** Error linea 6.*** El caracter: $ ,No pertenece a MiniC# 
response			linea 6 columnas:1-9 Token: T_IDENTIFICADOR
=			linea 6 columnas:10-11 Token: =
getInstance			linea 6 columnas:12-23 Token: T_IDENTIFICADOR
()			linea 6 columnas:23-25 Token: ()
;			linea 6 columnas:25-26 Token: ;
*** Error linea 7.*** El caracter: $ ,No pertenece a MiniC# 
header			linea 7 columnas:1-7 Token: T_IDENTIFICADOR
=			linea 7 columnas:10-11 Token: =
getHeader			linea 7 columnas:12-21 Token: T_IDENTIFICADOR
()			linea 7 columnas:21-23 Token: ()
;			linea 7 columnas:23-24 Token: ;
*** Error linea 8.*** El caracter: $ ,No pertenece a MiniC# 
scripts			linea 8 columnas:1-8 Token: T_IDENTIFICADOR
=			linea 8 columnas:10-11 Token: =
getScripts			linea 8 columnas:12-22 Token: T_IDENTIFICADOR
()			linea 8 columnas:22-24 Token: ()
;			linea 8 columnas:24-25 Token: ;
*** Error linea 9.*** El caracter: $ ,No pertenece a MiniC# 
export			linea 9 columnas:1-7 Token: T_IDENTIFICADOR
=			linea 9 columnas:8-9 Token: =
new			linea 9 columnas:10-13 Token: T_IDENTIFICADOR
Export			linea 9 columnas:14-20 Token: T_IDENTIFICADOR
()			linea 9 columnas:20-22 Token: ()
;			linea 9 columnas:22-23 Token: ;
*** Error linea 12.*** El caracter: $ ,No pertenece a MiniC# 
sub_part			linea 12 columnas:1-9 Token: T_IDENTIFICADOR
=			linea 12 columnas:11-12 Token: =
*** Error linea 12.*** El caracter: ' ,No pertenece a MiniC# 
*** Error linea 12.*** El caracter: _export ,No pertenece a MiniC# 
*** Error linea 12.*** El caracter: ' ,No pertenece a MiniC# 
;			linea 12 columnas:22-23 Token: ;
*** Error linea 13.*** El caracter: $ ,No pertenece a MiniC# 
url_query			linea 13 columnas:1-10 Token: T_IDENTIFICADOR
.			linea 13 columnas:11-12 Token: .
=			linea 13 columnas:12-13 Token: =
*** Error linea 13.*** El caracter: ' ,No pertenece a MiniC# 
*** Error linea 13.*** El caracter: & ,No pertenece a MiniC# 
amp			linea 13 columnas:16-19 Token: T_IDENTIFICADOR
;			linea 13 columnas:19-20 Token: ;
goto			linea 13 columnas:20-24 Token: T_IDENTIFICADOR
=			linea 13 columnas:24-25 Token: =
db_export			linea 13 columnas:25-34 Token: T_IDENTIFICADOR
.			linea 13 columnas:34-35 Token: .
php			linea 13 columnas:35-38 Token: T_IDENTIFICADOR
*** Error linea 13.*** El caracter: ' ,No pertenece a MiniC# 
;			linea 13 columnas:39-40 Token: ;
list			linea 14 columnas:0-4 Token: T_IDENTIFICADOR
(			linea 14 columnas:4-5 Token: (
*** Error linea 15.*** El caracter: $ ,No pertenece a MiniC# 
tables			linea 15 columnas:5-11 Token: T_IDENTIFICADOR
,			linea 15 columnas:11-12 Token: ,
*** Error linea 16.*** El caracter: $ ,No pertenece a MiniC# 
num_tables			linea 16 columnas:5-15 Token: T_IDENTIFICADOR
,			linea 16 columnas:15-16 Token: ,
*** Error linea 17.*** El caracter: $ ,No pertenece a MiniC# 
total_num_tables			linea 17 columnas:5-21 Token: T_IDENTIFICADOR
,			linea 17 columnas:21-22 Token: ,
*** Error linea 18.*** El caracter: $ ,No pertenece a MiniC# 
sub_part			linea 18 columnas:5-13 Token: T_IDENTIFICADOR
,			linea 18 columnas:13-14 Token: ,
*** Error linea 19.*** El caracter: $ ,No pertenece a MiniC# 
is_show_stats			linea 19 columnas:5-18 Token: T_IDENTIFICADOR
,			linea 19 columnas:18-19 Token: ,
*** Error linea 20.*** El caracter: $ ,No pertenece a MiniC# 
db_is_system_schema			linea 20 columnas:5-24 Token: T_IDENTIFICADOR
,			linea 20 columnas:24-25 Token: ,
*** Error linea 21.*** El caracter: $ ,No pertenece a MiniC# 
tooltip_truename			linea 21 columnas:5-21 Token: T_IDENTIFICADOR
,			linea 21 columnas:21-22 Token: ,
*** Error linea 22.*** El caracter: $ ,No pertenece a MiniC# 
tooltip_aliasname			linea 22 columnas:5-22 Token: T_IDENTIFICADOR
,			linea 22 columnas:22-23 Token: ,
*** Error linea 23.*** El caracter: $ ,No pertenece a MiniC# 
pos			linea 23 columnas:5-8 Token: T_IDENTIFICADOR
)			linea 24 columnas:0-1 Token: )
=			linea 24 columnas:2-3 Token: =
getDbInfo			linea 24 columnas:4-13 Token: T_IDENTIFICADOR
(			linea 24 columnas:13-14 Token: (
*** Error linea 24.*** El caracter: $ ,No pertenece a MiniC# 
db			linea 24 columnas:15-17 Token: T_IDENTIFICADOR
,			linea 24 columnas:17-18 Token: ,
isset			linea 24 columnas:19-24 Token: T_IDENTIFICADOR
(			linea 24 columnas:24-25 Token: (
*** Error linea 24.*** El caracter: $ ,No pertenece a MiniC# 
sub_part			linea 24 columnas:26-34 Token: T_IDENTIFICADOR
)			linea 24 columnas:34-35 Token: )
)			linea 24 columnas:35-36 Token: )
;			linea 24 columnas:36-37 Token: ;
*** Error linea 25.*** El caracter: /* ,No pertenece a MiniC# 
*			linea 25 columnas:2-3 Token: *
*			linea 26 columnas:1-2 Token: *
Displays			linea 26 columnas:3-11 Token: T_IDENTIFICADOR
the			linea 26 columnas:12-15 Token: T_IDENTIFICADOR
form			linea 26 columnas:16-20 Token: T_IDENTIFICADOR
*			linea 27 columnas:1-2 Token: *
/			linea 27 columnas:2-3 Token: /
IF			linea 29 columnas:0-2 Token: T_IDENTIFICADOR
(			linea 29 columnas:3-4 Token: (
*** Error linea 29.*** El caracter: $ ,No pertenece a MiniC# 
num_tables			linea 29 columnas:5-15 Token: T_IDENTIFICADOR
<			linea 29 columnas:16-17 Token: <
1			linea 29 columnas:18-19 Token: T_CONST_ENTERO (valor = 1)
)			linea 29 columnas:19-20 Token: )
{			linea 29 columnas:21-22 Token: {
*** Error linea 30.*** El caracter: $ ,No pertenece a MiniC# 
response			linea 30 columnas:5-13 Token: T_IDENTIFICADOR
=			linea 30 columnas:14-15 Token: =
addHTML			linea 30 columnas:16-23 Token: T_IDENTIFICADOR
(			linea 30 columnas:23-24 Token: (
*** Error linea 30.*** El caracter: ' ,No pertenece a MiniC# 
No			linea 30 columnas:25-27 Token: T_IDENTIFICADOR
tables			linea 30 columnas:28-34 Token: T_IDENTIFICADOR
found			linea 30 columnas:35-40 Token: T_IDENTIFICADOR
in			linea 30 columnas:41-43 Token: T_IDENTIFICADOR
database			linea 30 columnas:44-52 Token: T_IDENTIFICADOR
.			linea 30 columnas:52-53 Token: .
*** Error linea 30.*** El caracter: ' ,No pertenece a MiniC# 
)			linea 30 columnas:54-55 Token: )
;			linea 30 columnas:55-56 Token: ;
eXIt			linea 31 columnas:4-8 Token: T_IDENTIFICADOR
;			linea 31 columnas:8-9 Token: ;
}			linea 32 columnas:0-1 Token: }
*** Error linea 33.*** El caracter: $ ,No pertenece a MiniC# 
multi_values			linea 33 columnas:3-15 Token: T_IDENTIFICADOR
=			linea 33 columnas:17-18 Token: =
*** Error linea 33.*** El caracter: ' ,No pertenece a MiniC# 
<			linea 33 columnas:20-21 Token: <
div			linea 33 columnas:21-24 Token: T_IDENTIFICADOR
class			linea 33 columnas:25-30 Token: T_CLASS
=			linea 33 columnas:30-31 Token: =
"export_table_list_container"			linea 33 columnas:31-60 Token: T_CONST_STRING (valor = "export_table_list_container")
>			linea 33 columnas:60-61 Token: >
*** Error linea 33.*** El caracter: ' ,No pertenece a MiniC# 
;			linea 33 columnas:62-63 Token: ;
iF			linea 34 columnas:0-2 Token: T_IDENTIFICADOR
(			linea 34 columnas:3-4 Token: (
isset			linea 34 columnas:4-9 Token: T_IDENTIFICADOR
(			linea 34 columnas:9-10 Token: (
*** Error linea 34.*** El caracter: $ ,No pertenece a MiniC# 
*** Error linea 34.*** El caracter: _GET ,No pertenece a MiniC# 
[			linea 34 columnas:15-16 Token: [
*** Error linea 34.*** El caracter: ' ,No pertenece a MiniC# 
structure_or_data_forced			linea 34 columnas:17-41 Token: T_IDENTIFICADOR
*** Error linea 34.*** El caracter: ' ,No pertenece a MiniC# 
]			linea 34 columnas:42-43 Token: ]
)			linea 34 columnas:43-44 Token: )
)			linea 34 columnas:44-45 Token: )
{			linea 34 columnas:46-47 Token: {
*** Error linea 35.*** El caracter: $ ,No pertenece a MiniC# 
force_val			linea 35 columnas:5-14 Token: T_IDENTIFICADOR
=			linea 35 columnas:15-16 Token: =
htmlspecialchars			linea 35 columnas:17-33 Token: T_IDENTIFICADOR
(			linea 35 columnas:33-34 Token: (
*** Error linea 35.*** El caracter: $ ,No pertenece a MiniC# 
*** Error linea 35.*** El caracter: _GET ,No pertenece a MiniC# 
[			linea 35 columnas:39-40 Token: [
*** Error linea 35.*** El caracter: ' ,No pertenece a MiniC# 
structure_or_data_forced			linea 35 columnas:41-65 Token: T_IDENTIFICADOR
*** Error linea 35.*** El caracter: ' ,No pertenece a MiniC# 
]			linea 35 columnas:66-67 Token: ]
)			linea 35 columnas:67-68 Token: )
;			linea 35 columnas:68-69 Token: ;
}			linea 36 columnas:0-1 Token: }
eLSe			linea 36 columnas:2-6 Token: T_IDENTIFICADOR
{			linea 36 columnas:7-8 Token: {
*** Error linea 37.*** El caracter: $ ,No pertenece a MiniC# 
force_val			linea 37 columnas:5-14 Token: T_IDENTIFICADOR
=			linea 37 columnas:15-16 Token: =
0			linea 37 columnas:17-18 Token: T_CONST_ENTERO (valor = 0)
;			linea 37 columnas:18-19 Token: ;
}			linea 38 columnas:0-1 Token: }
*** Error linea 39.*** El caracter: $ ,No pertenece a MiniC# 
multi_values			linea 39 columnas:1-13 Token: T_IDENTIFICADOR
.			linea 39 columnas:14-15 Token: .
=			linea 39 columnas:15-16 Token: =
*** Error linea 39.*** El caracter: ' ,No pertenece a MiniC# 
<			linea 39 columnas:18-19 Token: <
input			linea 39 columnas:19-24 Token: T_IDENTIFICADOR
type			linea 39 columnas:25-29 Token: T_IDENTIFICADOR
=			linea 39 columnas:29-30 Token: =
"hidden" name="structure_or_data_forced" value="			linea 39 columnas:30-78 Token: T_CONST_STRING (valor = "hidden" name="structure_or_data_forced" value=")
*** Error linea 39.*** El caracter: ' ,No pertenece a MiniC# 
.			linea 40 columnas:4-5 Token: .
*** Error linea 40.*** El caracter: $ ,No pertenece a MiniC# 
force_val			linea 40 columnas:7-16 Token: T_IDENTIFICADOR
.			linea 40 columnas:17-18 Token: .
*** Error linea 40.*** El caracter: ' ,No pertenece a MiniC# 
*** Error linea 40.*** El caracter: " ,No pertenece a MiniC# 
>			linea 40 columnas:21-22 Token: >
*** Error linea 40.*** El caracter: ' ,No pertenece a MiniC# 
;			linea 40 columnas:23-24 Token: ;
*** Error linea 41.*** El caracter: $ ,No pertenece a MiniC# 
multi_values			linea 41 columnas:1-13 Token: T_IDENTIFICADOR
.			linea 41 columnas:14-15 Token: .
=			linea 41 columnas:15-16 Token: =
*** Error linea 41.*** El caracter: ' ,No pertenece a MiniC# 
<			linea 41 columnas:18-19 Token: <
table			linea 41 columnas:19-24 Token: T_IDENTIFICADOR
class			linea 41 columnas:25-30 Token: T_CLASS
=			linea 41 columnas:30-31 Token: =
"export_table_select"			linea 41 columnas:31-52 Token: T_CONST_STRING (valor = "export_table_select")
>			linea 41 columnas:52-53 Token: >
*** Error linea 41.*** El caracter: ' ,No pertenece a MiniC# 
.			linea 42 columnas:4-5 Token: .
*** Error linea 42.*** El caracter: ' ,No pertenece a MiniC# 
<			linea 42 columnas:7-8 Token: <
thead			linea 42 columnas:8-13 Token: T_IDENTIFICADOR
>			linea 42 columnas:13-14 Token: >
<			linea 42 columnas:14-15 Token: <
tr			linea 42 columnas:15-17 Token: T_IDENTIFICADOR
>			linea 42 columnas:17-18 Token: >
<			linea 42 columnas:18-19 Token: <
th			linea 42 columnas:19-21 Token: T_IDENTIFICADOR
>			linea 42 columnas:21-22 Token: >
<			linea 42 columnas:22-23 Token: <
/			linea 42 columnas:23-24 Token: /
th			linea 42 columnas:24-26 Token: T_IDENTIFICADOR
>			linea 42 columnas:26-27 Token: >
*** Error linea 42.*** El caracter: ' ,No pertenece a MiniC# 
.			linea 43 columnas:4-5 Token: .
*** Error linea 43.*** El caracter: ' ,No pertenece a MiniC# 
<			linea 43 columnas:7-8 Token: <
th			linea 43 columnas:8-10 Token: T_IDENTIFICADOR
>			linea 43 columnas:10-11 Token: >
*** Error linea 43.*** El caracter: ' ,No pertenece a MiniC# 
.			linea 43 columnas:13-14 Token: .
*** Error linea 43.*** El caracter: _ ,No pertenece a MiniC# 
*** Error linea 43.*** El caracter: _ ,No pertenece a MiniC# 
(			linea 43 columnas:17-18 Token: (
*** Error linea 43.*** El caracter: ' ,No pertenece a MiniC# 
Tables			linea 43 columnas:19-25 Token: T_IDENTIFICADOR
*** Error linea 43.*** El caracter: ' ,No pertenece a MiniC# 
)			linea 43 columnas:26-27 Token: )
.			linea 43 columnas:28-29 Token: .
*** Error linea 43.*** El caracter: ' ,No pertenece a MiniC# 
<			linea 43 columnas:31-32 Token: <
/			linea 43 columnas:32-33 Token: /
th			linea 43 columnas:33-35 Token: T_IDENTIFICADOR
>			linea 43 columnas:35-36 Token: >
*** Error linea 43.*** El caracter: ' ,No pertenece a MiniC# 
.			linea 44 columnas:4-5 Token: .
*** Error linea 44.*** El caracter: ' ,No pertenece a MiniC# 
<			linea 44 columnas:7-8 Token: <
th			linea 44 columnas:8-10 Token: T_IDENTIFICADOR
class			linea 44 columnas:11-16 Token: T_CLASS
=			linea 44 columnas:16-17 Token: =
"export_structure"			linea 44 columnas:17-35 Token: T_CONST_STRING (valor = "export_structure")
>			linea 44 columnas:35-36 Token: >
*** Error linea 44.*** El caracter: ' ,No pertenece a MiniC# 
.			linea 44 columnas:38-39 Token: .
*** Error linea 44.*** El caracter: _ ,No pertenece a MiniC# 
*** Error linea 44.*** El caracter: _ ,No pertenece a MiniC# 
(			linea 44 columnas:42-43 Token: (
*** Error linea 44.*** El caracter: ' ,No pertenece a MiniC# 
Structure			linea 44 columnas:44-53 Token: T_IDENTIFICADOR
*** Error linea 44.*** El caracter: ' ,No pertenece a MiniC# 
)			linea 44 columnas:54-55 Token: )
.			linea 44 columnas:56-57 Token: .
*** Error linea 44.*** El caracter: ' ,No pertenece a MiniC# 
<			linea 44 columnas:59-60 Token: <
/			linea 44 columnas:60-61 Token: /
th			linea 44 columnas:61-63 Token: T_IDENTIFICADOR
>			linea 44 columnas:63-64 Token: >
*** Error linea 44.*** El caracter: ' ,No pertenece a MiniC# 
.			linea 45 columnas:4-5 Token: .
*** Error linea 45.*** El caracter: ' ,No pertenece a MiniC# 
<			linea 45 columnas:7-8 Token: <
th			linea 45 columnas:8-10 Token: T_IDENTIFICADOR
class			linea 45 columnas:11-16 Token: T_CLASS
=			linea 45 columnas:16-17 Token: =
"export_data"			linea 45 columnas:17-30 Token: T_CONST_STRING (valor = "export_data")
>			linea 45 columnas:30-31 Token: >
*** Error linea 45.*** El caracter: ' ,No pertenece a MiniC# 
.			linea 45 columnas:33-34 Token: .
*** Error linea 45.*** El caracter: _ ,No pertenece a MiniC# 
*** Error linea 45.*** El caracter: _ ,No pertenece a MiniC# 
(			linea 45 columnas:37-38 Token: (
*** Error linea 45.*** El caracter: ' ,No pertenece a MiniC# 
Data			linea 45 columnas:39-43 Token: T_IDENTIFICADOR
*** Error linea 45.*** El caracter: ' ,No pertenece a MiniC# 
)			linea 45 columnas:44-45 Token: )
.			linea 45 columnas:46-47 Token: .
*** Error linea 45.*** El caracter: ' ,No pertenece a MiniC# 
<			linea 45 columnas:49-50 Token: <
/			linea 45 columnas:50-51 Token: /
th			linea 45 columnas:51-53 Token: T_IDENTIFICADOR
>			linea 45 columnas:53-54 Token: >
*** Error linea 45.*** El caracter: ' ,No pertenece a MiniC# 
.			linea 46 columnas:4-5 Token: .
*** Error linea 46.*** El caracter: ' ,No pertenece a MiniC# 
<			linea 46 columnas:7-8 Token: <
/			linea 46 columnas:8-9 Token: /
tr			linea 46 columnas:9-11 Token: T_IDENTIFICADOR
>			linea 46 columnas:11-12 Token: >
<			linea 46 columnas:12-13 Token: <
tr			linea 46 columnas:13-15 Token: T_IDENTIFICADOR
>			linea 46 columnas:15-16 Token: >
*** Error linea 46.*** El caracter: ' ,No pertenece a MiniC# 
.			linea 47 columnas:4-5 Token: .
*** Error linea 47.*** El caracter: ' ,No pertenece a MiniC# 
<			linea 47 columnas:7-8 Token: <
td			linea 47 columnas:8-10 Token: T_IDENTIFICADOR
>			linea 47 columnas:10-11 Token: >
<			linea 47 columnas:11-12 Token: <
/			linea 47 columnas:12-13 Token: /
td			linea 47 columnas:13-15 Token: T_IDENTIFICADOR
>			linea 47 columnas:15-16 Token: >
*** Error linea 47.*** El caracter: ' ,No pertenece a MiniC# 
.			linea 48 columnas:4-5 Token: .
*** Error linea 48.*** El caracter: ' ,No pertenece a MiniC# 
<			linea 48 columnas:7-8 Token: <
td			linea 48 columnas:8-10 Token: T_IDENTIFICADOR
class			linea 48 columnas:11-16 Token: T_CLASS
=			linea 48 columnas:16-17 Token: =
"export_table_name all"			linea 48 columnas:17-40 Token: T_CONST_STRING (valor = "export_table_name all")
>			linea 48 columnas:40-41 Token: >
*** Error linea 48.*** El caracter: ' ,No pertenece a MiniC# 
.			linea 48 columnas:43-44 Token: .
*** Error linea 48.*** El caracter: _ ,No pertenece a MiniC# 
*** Error linea 48.*** El caracter: _ ,No pertenece a MiniC# 
(			linea 48 columnas:47-48 Token: (
*** Error linea 48.*** El caracter: ' ,No pertenece a MiniC# 
Select			linea 48 columnas:49-55 Token: T_IDENTIFICADOR
all			linea 48 columnas:56-59 Token: T_IDENTIFICADOR
*** Error linea 48.*** El caracter: ' ,No pertenece a MiniC# 
)			linea 48 columnas:60-61 Token: )
.			linea 48 columnas:62-63 Token: .
*** Error linea 48.*** El caracter: ' ,No pertenece a MiniC# 
<			linea 48 columnas:65-66 Token: <
/			linea 48 columnas:66-67 Token: /
td			linea 48 columnas:67-69 Token: T_IDENTIFICADOR
>			linea 48 columnas:69-70 Token: >
*** Error linea 48.*** El caracter: ' ,No pertenece a MiniC# 
.			linea 49 columnas:4-5 Token: .
*** Error linea 49.*** El caracter: ' ,No pertenece a MiniC# 
<			linea 49 columnas:7-8 Token: <
td			linea 49 columnas:8-10 Token: T_IDENTIFICADOR
class			linea 49 columnas:11-16 Token: T_CLASS
=			linea 49 columnas:16-17 Token: =
"export_structure all"			linea 49 columnas:17-39 Token: T_CONST_STRING (valor = "export_structure all")
>			linea 49 columnas:39-40 Token: >
*** Error linea 49.*** El caracter: ' ,No pertenece a MiniC# 
.			linea 50 columnas:4-5 Token: .
*** Error linea 50.*** El caracter: ' ,No pertenece a MiniC# 
<			linea 50 columnas:7-8 Token: <
input			linea 50 columnas:8-13 Token: T_IDENTIFICADOR
type			linea 50 columnas:14-18 Token: T_IDENTIFICADOR
=			linea 50 columnas:18-19 Token: =
"checkbox" id="table_structure_all"			linea 50 columnas:19-54 Token: T_CONST_STRING (valor = "checkbox" id="table_structure_all")
/			linea 50 columnas:55-56 Token: /
>			linea 50 columnas:56-57 Token: >
<			linea 50 columnas:57-58 Token: <
/			linea 50 columnas:58-59 Token: /
td			linea 50 columnas:59-61 Token: T_IDENTIFICADOR
>			linea 50 columnas:61-62 Token: >
*** Error linea 50.*** El caracter: ' ,No pertenece a MiniC# 
.			linea 51 columnas:4-5 Token: .
*** Error linea 51.*** El caracter: ' ,No pertenece a MiniC# 
<			linea 51 columnas:7-8 Token: <
td			linea 51 columnas:8-10 Token: T_IDENTIFICADOR
class			linea 51 columnas:11-16 Token: T_CLASS
=			linea 51 columnas:16-17 Token: =
"export_data all"><input type="checkbox" id="table_data_all"			linea 51 columnas:17-77 Token: T_CONST_STRING (valor = "export_data all"><input type="checkbox" id="table_data_all")
/			linea 51 columnas:78-79 Token: /
>			linea 51 columnas:79-80 Token: >
*** Error linea 51.*** El caracter: ' ,No pertenece a MiniC# 
.			linea 52 columnas:4-5 Token: .
*** Error linea 52.*** El caracter: ' ,No pertenece a MiniC# 
<			linea 52 columnas:7-8 Token: <
/			linea 52 columnas:8-9 Token: /
td			linea 52 columnas:9-11 Token: T_IDENTIFICADOR
>			linea 52 columnas:11-12 Token: >
*** Error linea 52.*** El caracter: ' ,No pertenece a MiniC# 
.			linea 53 columnas:4-5 Token: .
*** Error linea 53.*** El caracter: ' ,No pertenece a MiniC# 
<			linea 53 columnas:7-8 Token: <
/			linea 53 columnas:8-9 Token: /
tr			linea 53 columnas:9-11 Token: T_IDENTIFICADOR
>			linea 53 columnas:11-12 Token: >
<			linea 53 columnas:12-13 Token: <
/			linea 53 columnas:13-14 Token: /
thead			linea 53 columnas:14-19 Token: T_IDENTIFICADOR
>			linea 53 columnas:19-20 Token: >
*** Error linea 53.*** El caracter: ' ,No pertenece a MiniC# 
.			linea 54 columnas:4-5 Token: .
*** Error linea 54.*** El caracter: ' ,No pertenece a MiniC# 
<			linea 54 columnas:7-8 Token: <
tbody			linea 54 columnas:8-13 Token: T_IDENTIFICADOR
>			linea 54 columnas:13-14 Token: >
*** Error linea 54.*** El caracter: ' ,No pertenece a MiniC# 
;			linea 54 columnas:15-16 Token: ;
*** Error linea 55.*** El caracter: $ ,No pertenece a MiniC# 
multi_values			linea 55 columnas:1-13 Token: T_IDENTIFICADOR
.			linea 55 columnas:14-15 Token: .
=			linea 55 columnas:15-16 Token: =
"\n"			linea 55 columnas:17-21 Token: T_CONST_STRING (valor = "\n")
;			linea 55 columnas:21-22 Token: ;
If			linea 57 columnas:0-2 Token: T_IDENTIFICADOR
(			linea 57 columnas:3-4 Token: (
!			linea 57 columnas:4-5 Token: !
empty			linea 57 columnas:5-10 Token: T_IDENTIFICADOR
(			linea 57 columnas:10-11 Token: (
*** Error linea 57.*** El caracter: $ ,No pertenece a MiniC# 
*** Error linea 57.*** El caracter: _POST ,No pertenece a MiniC# 
[			linea 57 columnas:17-18 Token: [
*** Error linea 57.*** El caracter: ' ,No pertenece a MiniC# 
selected_tbl			linea 57 columnas:19-31 Token: T_IDENTIFICADOR
*** Error linea 57.*** El caracter: ' ,No pertenece a MiniC# 
]			linea 57 columnas:32-33 Token: ]
)			linea 57 columnas:33-34 Token: )
&&			linea 57 columnas:35-37 Token: &&
empty			linea 57 columnas:38-43 Token: T_IDENTIFICADOR
(			linea 57 columnas:43-44 Token: (
*** Error linea 57.*** El caracter: $ ,No pertenece a MiniC# 
table_select			linea 57 columnas:45-57 Token: T_IDENTIFICADOR
)			linea 57 columnas:57-58 Token: )
)			linea 57 columnas:58-59 Token: )
{			linea 57 columnas:60-61 Token: {
*** Error linea 58.*** El caracter: $ ,No pertenece a MiniC# 
table_select			linea 58 columnas:5-17 Token: T_IDENTIFICADOR
=			linea 58 columnas:18-19 Token: =
*** Error linea 58.*** El caracter: $ ,No pertenece a MiniC# 
*** Error linea 58.*** El caracter: _POST ,No pertenece a MiniC# 
[			linea 58 columnas:26-27 Token: [
*** Error linea 58.*** El caracter: ' ,No pertenece a MiniC# 
selected_tbl			linea 58 columnas:28-40 Token: T_IDENTIFICADOR
*** Error linea 58.*** El caracter: ' ,No pertenece a MiniC# 
]			linea 58 columnas:41-42 Token: ]
;			linea 58 columnas:42-43 Token: ;
}			linea 59 columnas:0-1 Token: }
foREach			linea 62 columnas:0-7 Token: T_IDENTIFICADOR
(			linea 62 columnas:8-9 Token: (
array			linea 62 columnas:9-14 Token: T_IDENTIFICADOR
(			linea 62 columnas:14-15 Token: (
*** Error linea 62.*** El caracter: ' ,No pertenece a MiniC# 
table_select			linea 62 columnas:16-28 Token: T_IDENTIFICADOR
*** Error linea 62.*** El caracter: ' ,No pertenece a MiniC# 
,			linea 62 columnas:29-30 Token: ,
*** Error linea 62.*** El caracter: ' ,No pertenece a MiniC# 
table_structure			linea 62 columnas:32-47 Token: T_IDENTIFICADOR
*** Error linea 62.*** El caracter: ' ,No pertenece a MiniC# 
,			linea 62 columnas:48-49 Token: ,
*** Error linea 62.*** El caracter: ' ,No pertenece a MiniC# 
table_data			linea 62 columnas:51-61 Token: T_IDENTIFICADOR
*** Error linea 62.*** El caracter: ' ,No pertenece a MiniC# 
)			linea 62 columnas:62-63 Token: )
as			linea 62 columnas:64-66 Token: T_IDENTIFICADOR
*** Error linea 62.*** El caracter: $ ,No pertenece a MiniC# 
one_key			linea 62 columnas:68-75 Token: T_IDENTIFICADOR
)			linea 62 columnas:75-76 Token: )
{			linea 62 columnas:77-78 Token: {
iF			linea 63 columnas:4-6 Token: T_IDENTIFICADOR
(			linea 63 columnas:7-8 Token: (
isset			linea 63 columnas:8-13 Token: T_IDENTIFICADOR
(			linea 63 columnas:13-14 Token: (
*** Error linea 63.*** El caracter: $ ,No pertenece a MiniC# 
*** Error linea 63.*** El caracter: _GET ,No pertenece a MiniC# 
[			linea 63 columnas:19-20 Token: [
*** Error linea 63.*** El caracter: $ ,No pertenece a MiniC# 
one_key			linea 63 columnas:21-28 Token: T_IDENTIFICADOR
]			linea 63 columnas:28-29 Token: ]
)			linea 63 columnas:29-30 Token: )
)			linea 63 columnas:30-31 Token: )
{			linea 63 columnas:32-33 Token: {
*** Error linea 64.*** El caracter: $ ,No pertenece a MiniC# 
*** Error linea 64.*** El caracter: _GET ,No pertenece a MiniC# 
[			linea 64 columnas:13-14 Token: [
*** Error linea 64.*** El caracter: $ ,No pertenece a MiniC# 
one_key			linea 64 columnas:15-22 Token: T_IDENTIFICADOR
]			linea 64 columnas:22-23 Token: ]
=			linea 64 columnas:24-25 Token: =
urldecode			linea 64 columnas:26-35 Token: T_IDENTIFICADOR
(			linea 64 columnas:35-36 Token: (
*** Error linea 64.*** El caracter: $ ,No pertenece a MiniC# 
*** Error linea 64.*** El caracter: _GET ,No pertenece a MiniC# 
[			linea 64 columnas:41-42 Token: [
*** Error linea 64.*** El caracter: $ ,No pertenece a MiniC# 
one_key			linea 64 columnas:43-50 Token: T_IDENTIFICADOR
]			linea 64 columnas:50-51 Token: ]
)			linea 64 columnas:51-52 Token: )
;			linea 64 columnas:52-53 Token: ;
*** Error linea 65.*** El caracter: $ ,No pertenece a MiniC# 
*** Error linea 65.*** El caracter: _GET ,No pertenece a MiniC# 
[			linea 65 columnas:13-14 Token: [
*** Error linea 65.*** El caracter: $ ,No pertenece a MiniC# 
one_key			linea 65 columnas:15-22 Token: T_IDENTIFICADOR
]			linea 65 columnas:22-23 Token: ]
=			linea 65 columnas:24-25 Token: =
explode			linea 65 columnas:26-33 Token: T_IDENTIFICADOR
(			linea 65 columnas:33-34 Token: (
","			linea 65 columnas:34-37 Token: T_CONST_STRING (valor = ",")
,			linea 65 columnas:37-38 Token: ,
*** Error linea 65.*** El caracter: $ ,No pertenece a MiniC# 
*** Error linea 65.*** El caracter: _GET ,No pertenece a MiniC# 
[			linea 65 columnas:44-45 Token: [
*** Error linea 65.*** El caracter: $ ,No pertenece a MiniC# 
one_key			linea 65 columnas:46-53 Token: T_IDENTIFICADOR
]			linea 65 columnas:53-54 Token: ]
)			linea 65 columnas:54-55 Token: )
;			linea 65 columnas:55-56 Token: ;
}			linea 66 columnas:4-5 Token: }
}			linea 67 columnas:0-1 Token: }
FOreach			linea 68 columnas:0-7 Token: T_IDENTIFICADOR
(			linea 68 columnas:8-9 Token: (
*** Error linea 68.*** El caracter: $ ,No pertenece a MiniC# 
tables			linea 68 columnas:10-16 Token: T_IDENTIFICADOR
as			linea 68 columnas:17-19 Token: T_IDENTIFICADOR
*** Error linea 68.*** El caracter: $ ,No pertenece a MiniC# 
each_table			linea 68 columnas:21-31 Token: T_IDENTIFICADOR
)			linea 68 columnas:31-32 Token: )
{			linea 68 columnas:33-34 Token: {
iF			linea 69 columnas:4-6 Token: T_IDENTIFICADOR
(			linea 69 columnas:7-8 Token: (
isset			linea 69 columnas:8-13 Token: T_IDENTIFICADOR
(			linea 69 columnas:13-14 Token: (
*** Error linea 69.*** El caracter: $ ,No pertenece a MiniC# 
*** Error linea 69.*** El caracter: _GET ,No pertenece a MiniC# 
[			linea 69 columnas:19-20 Token: [
*** Error linea 69.*** El caracter: ' ,No pertenece a MiniC# 
table_select			linea 69 columnas:21-33 Token: T_IDENTIFICADOR
*** Error linea 69.*** El caracter: ' ,No pertenece a MiniC# 
]			linea 69 columnas:34-35 Token: ]
)			linea 69 columnas:35-36 Token: )
&&			linea 69 columnas:37-39 Token: &&
is_array			linea 69 columnas:40-48 Token: T_IDENTIFICADOR
(			linea 69 columnas:48-49 Token: (
*** Error linea 69.*** El caracter: $ ,No pertenece a MiniC# 
*** Error linea 69.*** El caracter: _GET ,No pertenece a MiniC# 
[			linea 69 columnas:54-55 Token: [
*** Error linea 69.*** El caracter: ' ,No pertenece a MiniC# 
table_select			linea 69 columnas:56-68 Token: T_IDENTIFICADOR
*** Error linea 69.*** El caracter: ' ,No pertenece a MiniC# 
]			linea 69 columnas:69-70 Token: ]
)			linea 69 columnas:70-71 Token: )
)			linea 69 columnas:71-72 Token: )
{			linea 69 columnas:73-74 Token: {
*** Error linea 70.*** El caracter: $ ,No pertenece a MiniC# 
is_checked			linea 70 columnas:9-19 Token: T_IDENTIFICADOR
=			linea 70 columnas:20-21 Token: =
*** Error linea 70.*** El caracter: $ ,No pertenece a MiniC# 
export			linea 70 columnas:23-29 Token: T_IDENTIFICADOR
-			linea 70 columnas:29-30 Token: -
>			linea 70 columnas:30-31 Token: >
getCheckedClause			linea 70 columnas:31-47 Token: T_IDENTIFICADOR
(			linea 70 columnas:47-48 Token: (
*** Error linea 71.*** El caracter: $ ,No pertenece a MiniC# 
each_table			linea 71 columnas:13-23 Token: T_IDENTIFICADOR
[			linea 71 columnas:23-24 Token: [
*** Error linea 71.*** El caracter: ' ,No pertenece a MiniC# 
Name			linea 71 columnas:25-29 Token: T_IDENTIFICADOR
*** Error linea 71.*** El caracter: ' ,No pertenece a MiniC# 
]			linea 71 columnas:30-31 Token: ]
,			linea 71 columnas:31-32 Token: ,
*** Error linea 71.*** El caracter: $ ,No pertenece a MiniC# 
*** Error linea 71.*** El caracter: _GET ,No pertenece a MiniC# 
[			linea 71 columnas:38-39 Token: [
*** Error linea 71.*** El caracter: ' ,No pertenece a MiniC# 
table_select			linea 71 columnas:40-52 Token: T_IDENTIFICADOR
*** Error linea 71.*** El caracter: ' ,No pertenece a MiniC# 
]			linea 71 columnas:53-54 Token: ]
)			linea 72 columnas:8-9 Token: )
;			linea 72 columnas:9-10 Token: ;
}			linea 73 columnas:4-5 Token: }
elSEIf			linea 73 columnas:6-12 Token: T_IDENTIFICADOR
(			linea 73 columnas:13-14 Token: (
isset			linea 73 columnas:14-19 Token: T_IDENTIFICADOR
(			linea 73 columnas:19-20 Token: (
*** Error linea 73.*** El caracter: $ ,No pertenece a MiniC# 
table_select			linea 73 columnas:21-33 Token: T_IDENTIFICADOR
)			linea 73 columnas:33-34 Token: )
)			linea 73 columnas:34-35 Token: )
{			linea 73 columnas:36-37 Token: {
*** Error linea 74.*** El caracter: $ ,No pertenece a MiniC# 
is_checked			linea 74 columnas:9-19 Token: T_IDENTIFICADOR
=			linea 74 columnas:20-21 Token: =
*** Error linea 74.*** El caracter: $ ,No pertenece a MiniC# 
export			linea 74 columnas:23-29 Token: T_IDENTIFICADOR
-			linea 74 columnas:29-30 Token: -
>			linea 74 columnas:30-31 Token: >
getCheckedClause			linea 74 columnas:31-47 Token: T_IDENTIFICADOR
(			linea 74 columnas:47-48 Token: (
*** Error linea 75.*** El caracter: $ ,No pertenece a MiniC# 
each_table			linea 75 columnas:13-23 Token: T_IDENTIFICADOR
[			linea 75 columnas:23-24 Token: [
*** Error linea 75.*** El caracter: ' ,No pertenece a MiniC# 
Name			linea 75 columnas:25-29 Token: T_IDENTIFICADOR
*** Error linea 75.*** El caracter: ' ,No pertenece a MiniC# 
]			linea 75 columnas:30-31 Token: ]
,			linea 75 columnas:31-32 Token: ,
*** Error linea 75.*** El caracter: $ ,No pertenece a MiniC# 
table_select			linea 75 columnas:34-46 Token: T_IDENTIFICADOR
)			linea 76 columnas:8-9 Token: )
;			linea 76 columnas:9-10 Token: ;
}			linea 77 columnas:4-5 Token: }
eLSE			linea 77 columnas:6-10 Token: T_IDENTIFICADOR
{			linea 77 columnas:11-12 Token: {
*** Error linea 78.*** El caracter: $ ,No pertenece a MiniC# 
is_checked			linea 78 columnas:9-19 Token: T_IDENTIFICADOR
=			linea 78 columnas:20-21 Token: =
*** Error linea 78.*** El caracter: ' ,No pertenece a MiniC# 
checked			linea 78 columnas:24-31 Token: T_IDENTIFICADOR
=			linea 78 columnas:31-32 Token: =
"checked"			linea 78 columnas:32-41 Token: T_CONST_STRING (valor = "checked")
*** Error linea 78.*** El caracter: ' ,No pertenece a MiniC# 
;			linea 78 columnas:42-43 Token: ;
}			linea 79 columnas:4-5 Token: }
If			linea 80 columnas:4-6 Token: T_IDENTIFICADOR
(			linea 80 columnas:7-8 Token: (
isset			linea 80 columnas:8-13 Token: T_IDENTIFICADOR
(			linea 80 columnas:13-14 Token: (
*** Error linea 80.*** El caracter: $ ,No pertenece a MiniC# 
*** Error linea 80.*** El caracter: _GET ,No pertenece a MiniC# 
[			linea 80 columnas:19-20 Token: [
*** Error linea 80.*** El caracter: ' ,No pertenece a MiniC# 
table_structure			linea 80 columnas:21-36 Token: T_IDENTIFICADOR
*** Error linea 80.*** El caracter: ' ,No pertenece a MiniC# 
]			linea 80 columnas:37-38 Token: ]
)			linea 80 columnas:38-39 Token: )
&&			linea 80 columnas:40-42 Token: &&
is_array			linea 80 columnas:43-51 Token: T_IDENTIFICADOR
(			linea 80 columnas:51-52 Token: (
*** Error linea 80.*** El caracter: $ ,No pertenece a MiniC# 
*** Error linea 80.*** El caracter: _GET ,No pertenece a MiniC# 
[			linea 80 columnas:57-58 Token: [
*** Error linea 80.*** El caracter: ' ,No pertenece a MiniC# 
table_structure			linea 80 columnas:59-74 Token: T_IDENTIFICADOR
*** Error linea 80.*** El caracter: ' ,No pertenece a MiniC# 
]			linea 80 columnas:75-76 Token: ]
)			linea 80 columnas:76-77 Token: )
)			linea 80 columnas:77-78 Token: )
{			linea 80 columnas:79-80 Token: {
*** Error linea 81.*** El caracter: $ ,No pertenece a MiniC# 
structure_checked			linea 81 columnas:9-26 Token: T_IDENTIFICADOR
=			linea 81 columnas:27-28 Token: =
*** Error linea 81.*** El caracter: $ ,No pertenece a MiniC# 
export			linea 81 columnas:30-36 Token: T_IDENTIFICADOR
-			linea 81 columnas:36-37 Token: -
>			linea 81 columnas:37-38 Token: >
getCheckedClause			linea 81 columnas:38-54 Token: T_IDENTIFICADOR
(			linea 81 columnas:54-55 Token: (
*** Error linea 82.*** El caracter: $ ,No pertenece a MiniC# 
each_table			linea 82 columnas:13-23 Token: T_IDENTIFICADOR
[			linea 82 columnas:23-24 Token: [
*** Error linea 82.*** El caracter: ' ,No pertenece a MiniC# 
Name			linea 82 columnas:25-29 Token: T_IDENTIFICADOR
*** Error linea 82.*** El caracter: ' ,No pertenece a MiniC# 
]			linea 82 columnas:30-31 Token: ]
,			linea 82 columnas:31-32 Token: ,
*** Error linea 82.*** El caracter: $ ,No pertenece a MiniC# 
*** Error linea 82.*** El caracter: _GET ,No pertenece a MiniC# 
[			linea 82 columnas:38-39 Token: [
*** Error linea 82.*** El caracter: ' ,No pertenece a MiniC# 
table_structure			linea 82 columnas:40-55 Token: T_IDENTIFICADOR
*** Error linea 82.*** El caracter: ' ,No pertenece a MiniC# 
]			linea 82 columnas:56-57 Token: ]
)			linea 83 columnas:8-9 Token: )
;			linea 83 columnas:9-10 Token: ;
}			linea 84 columnas:4-5 Token: }
elsE			linea 84 columnas:6-10 Token: T_IDENTIFICADOR
{			linea 84 columnas:11-12 Token: {
*** Error linea 85.*** El caracter: $ ,No pertenece a MiniC# 
structure_checked			linea 85 columnas:9-26 Token: T_IDENTIFICADOR
=			linea 85 columnas:27-28 Token: =
*** Error linea 85.*** El caracter: $ ,No pertenece a MiniC# 
is_checked			linea 85 columnas:30-40 Token: T_IDENTIFICADOR
;			linea 85 columnas:40-41 Token: ;
}			linea 86 columnas:4-5 Token: }
IF			linea 87 columnas:4-6 Token: T_IDENTIFICADOR
(			linea 87 columnas:7-8 Token: (
isset			linea 87 columnas:8-13 Token: T_IDENTIFICADOR
(			linea 87 columnas:13-14 Token: (
*** Error linea 87.*** El caracter: $ ,No pertenece a MiniC# 
*** Error linea 87.*** El caracter: _GET ,No pertenece a MiniC# 
[			linea 87 columnas:19-20 Token: [
*** Error linea 87.*** El caracter: ' ,No pertenece a MiniC# 
table_data			linea 87 columnas:21-31 Token: T_IDENTIFICADOR
*** Error linea 87.*** El caracter: ' ,No pertenece a MiniC# 
]			linea 87 columnas:32-33 Token: ]
)			linea 87 columnas:33-34 Token: )
&&			linea 87 columnas:35-37 Token: &&
is_array			linea 87 columnas:38-46 Token: T_IDENTIFICADOR
(			linea 87 columnas:46-47 Token: (
*** Error linea 87.*** El caracter: $ ,No pertenece a MiniC# 
*** Error linea 87.*** El caracter: _GET ,No pertenece a MiniC# 
[			linea 87 columnas:52-53 Token: [
*** Error linea 87.*** El caracter: ' ,No pertenece a MiniC# 
table_data			linea 87 columnas:54-64 Token: T_IDENTIFICADOR
*** Error linea 87.*** El caracter: ' ,No pertenece a MiniC# 
]			linea 87 columnas:65-66 Token: ]
)			linea 87 columnas:66-67 Token: )
)			linea 87 columnas:67-68 Token: )
{			linea 87 columnas:69-70 Token: {
*** Error linea 88.*** El caracter: $ ,No pertenece a MiniC# 
data_checked			linea 88 columnas:9-21 Token: T_IDENTIFICADOR
=			linea 88 columnas:22-23 Token: =
*** Error linea 88.*** El caracter: $ ,No pertenece a MiniC# 
export			linea 88 columnas:25-31 Token: T_IDENTIFICADOR
-			linea 88 columnas:31-32 Token: -
>			linea 88 columnas:32-33 Token: >
getCheckedClause			linea 88 columnas:33-49 Token: T_IDENTIFICADOR
(			linea 88 columnas:49-50 Token: (
*** Error linea 89.*** El caracter: $ ,No pertenece a MiniC# 
each_table			linea 89 columnas:13-23 Token: T_IDENTIFICADOR
[			linea 89 columnas:23-24 Token: [
*** Error linea 89.*** El caracter: ' ,No pertenece a MiniC# 
Name			linea 89 columnas:25-29 Token: T_IDENTIFICADOR
*** Error linea 89.*** El caracter: ' ,No pertenece a MiniC# 
]			linea 89 columnas:30-31 Token: ]
,			linea 89 columnas:31-32 Token: ,
*** Error linea 89.*** El caracter: $ ,No pertenece a MiniC# 
*** Error linea 89.*** El caracter: _GET ,No pertenece a MiniC# 
[			linea 89 columnas:38-39 Token: [
*** Error linea 89.*** El caracter: ' ,No pertenece a MiniC# 
table_data			linea 89 columnas:40-50 Token: T_IDENTIFICADOR
*** Error linea 89.*** El caracter: ' ,No pertenece a MiniC# 
]			linea 89 columnas:51-52 Token: ]
)			linea 90 columnas:8-9 Token: )
;			linea 90 columnas:9-10 Token: ;
}			linea 91 columnas:4-5 Token: }
Else			linea 91 columnas:6-10 Token: T_IDENTIFICADOR
{			linea 91 columnas:11-12 Token: {
*** Error linea 92.*** El caracter: $ ,No pertenece a MiniC# 
data_checked			linea 92 columnas:9-21 Token: T_IDENTIFICADOR
=			linea 92 columnas:22-23 Token: =
*** Error linea 92.*** El caracter: $ ,No pertenece a MiniC# 
is_checked			linea 92 columnas:25-35 Token: T_IDENTIFICADOR
;			linea 92 columnas:35-36 Token: ;
}			linea 93 columnas:4-5 Token: }
*** Error linea 94.*** El caracter: $ ,No pertenece a MiniC# 
table_html			linea 94 columnas:5-15 Token: T_IDENTIFICADOR
=			linea 94 columnas:18-19 Token: =
htmlspecialchars			linea 94 columnas:20-36 Token: T_IDENTIFICADOR
(			linea 94 columnas:36-37 Token: (
*** Error linea 94.*** El caracter: $ ,No pertenece a MiniC# 
each_table			linea 94 columnas:38-48 Token: T_IDENTIFICADOR
[			linea 94 columnas:48-49 Token: [
*** Error linea 94.*** El caracter: ' ,No pertenece a MiniC# 
Name			linea 94 columnas:50-54 Token: T_IDENTIFICADOR
*** Error linea 94.*** El caracter: ' ,No pertenece a MiniC# 
]			linea 94 columnas:55-56 Token: ]
)			linea 94 columnas:56-57 Token: )
;			linea 94 columnas:57-58 Token: ;
*** Error linea 95.*** El caracter: $ ,No pertenece a MiniC# 
multi_values			linea 95 columnas:5-17 Token: T_IDENTIFICADOR
.			linea 95 columnas:18-19 Token: .
=			linea 95 columnas:19-20 Token: =
*** Error linea 95.*** El caracter: ' ,No pertenece a MiniC# 
<			linea 95 columnas:22-23 Token: <
tr			linea 95 columnas:23-25 Token: T_IDENTIFICADOR
class			linea 95 columnas:26-31 Token: T_CLASS
=			linea 95 columnas:31-32 Token: =
"marked"			linea 95 columnas:32-40 Token: T_CONST_STRING (valor = "marked")
>			linea 95 columnas:40-41 Token: >
*** Error linea 95.*** El caracter: ' ,No pertenece a MiniC# 
;			linea 95 columnas:42-43 Token: ;
*** Error linea 96.*** El caracter: $ ,No pertenece a MiniC# 
multi_values			linea 96 columnas:5-17 Token: T_IDENTIFICADOR
.			linea 96 columnas:18-19 Token: .
=			linea 96 columnas:19-20 Token: =
*** Error linea 96.*** El caracter: ' ,No pertenece a MiniC# 
<			linea 96 columnas:22-23 Token: <
td			linea 96 columnas:23-25 Token: T_IDENTIFICADOR
>			linea 96 columnas:25-26 Token: >
<			linea 96 columnas:26-27 Token: <
input			linea 96 columnas:27-32 Token: T_IDENTIFICADOR
type			linea 96 columnas:33-37 Token: T_IDENTIFICADOR
=			linea 96 columnas:37-38 Token: =
"checkbox" name="table_select[]"			linea 96 columnas:38-70 Token: T_CONST_STRING (valor = "checkbox" name="table_select[]")
*** Error linea 96.*** El caracter: ' ,No pertenece a MiniC# 
.			linea 97 columnas:8-9 Token: .
*** Error linea 97.*** El caracter: ' ,No pertenece a MiniC# 
value			linea 97 columnas:12-17 Token: T_IDENTIFICADOR
=			linea 97 columnas:17-18 Token: =
"' . $table_html . '"' . $is_checked . ' class="checkall"			linea 97 columnas:18-75 Token: T_CONST_STRING (valor = "' . $table_html . '"' . $is_checked . ' class="checkall")
/			linea 97 columnas:75-76 Token: /
>			linea 97 columnas:76-77 Token: >
<			linea 97 columnas:77-78 Token: <
/			linea 97 columnas:78-79 Token: /
td			linea 97 columnas:79-81 Token: T_IDENTIFICADOR
>			linea 97 columnas:81-82 Token: >
*** Error linea 97.*** El caracter: ' ,No pertenece a MiniC# 
;			linea 97 columnas:83-84 Token: ;
*** Error linea 98.*** El caracter: $ ,No pertenece a MiniC# 
multi_values			linea 98 columnas:5-17 Token: T_IDENTIFICADOR
.			linea 98 columnas:18-19 Token: .
=			linea 98 columnas:19-20 Token: =
*** Error linea 98.*** El caracter: ' ,No pertenece a MiniC# 
<			linea 98 columnas:22-23 Token: <
td			linea 98 columnas:23-25 Token: T_IDENTIFICADOR
class			linea 98 columnas:26-31 Token: T_CLASS
=			linea 98 columnas:31-32 Token: =
"export_table_name"			linea 98 columnas:32-51 Token: T_CONST_STRING (valor = "export_table_name")
>			linea 98 columnas:51-52 Token: >
*** Error linea 98.*** El caracter: ' ,No pertenece a MiniC# 
.			linea 99 columnas:8-9 Token: .
str_replace			linea 99 columnas:10-21 Token: T_IDENTIFICADOR
(			linea 99 columnas:21-22 Token: (
*** Error linea 99.*** El caracter: ' ,No pertenece a MiniC# 
*** Error linea 99.*** El caracter: ' ,No pertenece a MiniC# 
,			linea 99 columnas:25-26 Token: ,
*** Error linea 99.*** El caracter: ' ,No pertenece a MiniC# 
*** Error linea 99.*** El caracter: & ,No pertenece a MiniC# 
nbsp			linea 99 columnas:29-33 Token: T_IDENTIFICADOR
;			linea 99 columnas:33-34 Token: ;
*** Error linea 99.*** El caracter: ' ,No pertenece a MiniC# 
,			linea 99 columnas:35-36 Token: ,
*** Error linea 99.*** El caracter: $ ,No pertenece a MiniC# 
table_html			linea 99 columnas:38-48 Token: T_IDENTIFICADOR
)			linea 99 columnas:48-49 Token: )
.			linea 99 columnas:50-51 Token: .
*** Error linea 99.*** El caracter: ' ,No pertenece a MiniC# 
<			linea 99 columnas:53-54 Token: <
/			linea 99 columnas:54-55 Token: /
td			linea 99 columnas:55-57 Token: T_IDENTIFICADOR
>			linea 99 columnas:57-58 Token: >
*** Error linea 99.*** El caracter: ' ,No pertenece a MiniC# 
;			linea 99 columnas:59-60 Token: ;
*** Error linea 100.*** El caracter: $ ,No pertenece a MiniC# 
multi_values			linea 100 columnas:5-17 Token: T_IDENTIFICADOR
.			linea 100 columnas:18-19 Token: .
=			linea 100 columnas:19-20 Token: =
*** Error linea 100.*** El caracter: ' ,No pertenece a MiniC# 
<			linea 100 columnas:22-23 Token: <
td			linea 100 columnas:23-25 Token: T_IDENTIFICADOR
class			linea 100 columnas:26-31 Token: T_CLASS
=			linea 100 columnas:31-32 Token: =
"export_structure"			linea 100 columnas:32-50 Token: T_CONST_STRING (valor = "export_structure")
>			linea 100 columnas:50-51 Token: >
*** Error linea 100.*** El caracter: ' ,No pertenece a MiniC# 
.			linea 101 columnas:8-9 Token: .
*** Error linea 101.*** El caracter: ' ,No pertenece a MiniC# 
<			linea 101 columnas:11-12 Token: <
input			linea 101 columnas:12-17 Token: T_IDENTIFICADOR
type			linea 101 columnas:18-22 Token: T_IDENTIFICADOR
=			linea 101 columnas:22-23 Token: =
"checkbox" name="table_structure[]"			linea 101 columnas:23-58 Token: T_CONST_STRING (valor = "checkbox" name="table_structure[]")
*** Error linea 101.*** El caracter: ' ,No pertenece a MiniC# 
.			linea 102 columnas:8-9 Token: .
*** Error linea 102.*** El caracter: ' ,No pertenece a MiniC# 
value			linea 102 columnas:12-17 Token: T_IDENTIFICADOR
=			linea 102 columnas:17-18 Token: =
"' . $table_html . '"			linea 102 columnas:18-39 Token: T_CONST_STRING (valor = "' . $table_html . '")
*** Error linea 102.*** El caracter: ' ,No pertenece a MiniC# 
.			linea 102 columnas:41-42 Token: .
*** Error linea 102.*** El caracter: $ ,No pertenece a MiniC# 
structure_checked			linea 102 columnas:44-61 Token: T_IDENTIFICADOR
.			linea 102 columnas:62-63 Token: .
*** Error linea 102.*** El caracter: ' ,No pertenece a MiniC# 
/			linea 102 columnas:66-67 Token: /
>			linea 102 columnas:67-68 Token: >
<			linea 102 columnas:68-69 Token: <
/			linea 102 columnas:69-70 Token: /
td			linea 102 columnas:70-72 Token: T_IDENTIFICADOR
>			linea 102 columnas:72-73 Token: >
*** Error linea 102.*** El caracter: ' ,No pertenece a MiniC# 
;			linea 102 columnas:74-75 Token: ;
*** Error linea 103.*** El caracter: $ ,No pertenece a MiniC# 
multi_values			linea 103 columnas:5-17 Token: T_IDENTIFICADOR
.			linea 103 columnas:18-19 Token: .
=			linea 103 columnas:19-20 Token: =
*** Error linea 103.*** El caracter: ' ,No pertenece a MiniC# 
<			linea 103 columnas:22-23 Token: <
td			linea 103 columnas:23-25 Token: T_IDENTIFICADOR
class			linea 103 columnas:26-31 Token: T_CLASS
=			linea 103 columnas:31-32 Token: =
"export_data"			linea 103 columnas:32-45 Token: T_CONST_STRING (valor = "export_data")
>			linea 103 columnas:45-46 Token: >
*** Error linea 103.*** El caracter: ' ,No pertenece a MiniC# 
.			linea 104 columnas:8-9 Token: .
*** Error linea 104.*** El caracter: ' ,No pertenece a MiniC# 
<			linea 104 columnas:11-12 Token: <
input			linea 104 columnas:12-17 Token: T_IDENTIFICADOR
type			linea 104 columnas:18-22 Token: T_IDENTIFICADOR
=			linea 104 columnas:22-23 Token: =
"checkbox" name="table_data[]"			linea 104 columnas:23-53 Token: T_CONST_STRING (valor = "checkbox" name="table_data[]")
*** Error linea 104.*** El caracter: ' ,No pertenece a MiniC# 
.			linea 105 columnas:8-9 Token: .
*** Error linea 105.*** El caracter: ' ,No pertenece a MiniC# 
value			linea 105 columnas:12-17 Token: T_IDENTIFICADOR
=			linea 105 columnas:17-18 Token: =
"' . $table_html . '"			linea 105 columnas:18-39 Token: T_CONST_STRING (valor = "' . $table_html . '")
*** Error linea 105.*** El caracter: ' ,No pertenece a MiniC# 
.			linea 105 columnas:41-42 Token: .
*** Error linea 105.*** El caracter: $ ,No pertenece a MiniC# 
data_checked			linea 105 columnas:44-56 Token: T_IDENTIFICADOR
.			linea 105 columnas:57-58 Token: .
*** Error linea 105.*** El caracter: ' ,No pertenece a MiniC# 
/			linea 105 columnas:61-62 Token: /
>			linea 105 columnas:62-63 Token: >
<			linea 105 columnas:63-64 Token: <
/			linea 105 columnas:64-65 Token: /
td			linea 105 columnas:65-67 Token: T_IDENTIFICADOR
>			linea 105 columnas:67-68 Token: >
*** Error linea 105.*** El caracter: ' ,No pertenece a MiniC# 
;			linea 105 columnas:69-70 Token: ;
*** Error linea 106.*** El caracter: $ ,No pertenece a MiniC# 
multi_values			linea 106 columnas:5-17 Token: T_IDENTIFICADOR
.			linea 106 columnas:18-19 Token: .
=			linea 106 columnas:19-20 Token: =
*** Error linea 106.*** El caracter: ' ,No pertenece a MiniC# 
<			linea 106 columnas:22-23 Token: <
/			linea 106 columnas:23-24 Token: /
tr			linea 106 columnas:24-26 Token: T_IDENTIFICADOR
>			linea 106 columnas:26-27 Token: >
*** Error linea 106.*** El caracter: ' ,No pertenece a MiniC# 
;			linea 106 columnas:28-29 Token: ;
}			linea 107 columnas:0-1 Token: }
*** Error linea 108.*** El caracter: $ ,No pertenece a MiniC# 
multi_values			linea 108 columnas:3-15 Token: T_IDENTIFICADOR
.			linea 108 columnas:16-17 Token: .
=			linea 108 columnas:17-18 Token: =
"\n"			linea 108 columnas:19-23 Token: T_CONST_STRING (valor = "\n")
;			linea 108 columnas:23-24 Token: ;
*** Error linea 109.*** El caracter: $ ,No pertenece a MiniC# 
multi_values			linea 109 columnas:1-13 Token: T_IDENTIFICADOR
.			linea 109 columnas:14-15 Token: .
=			linea 109 columnas:15-16 Token: =
*** Error linea 109.*** El caracter: ' ,No pertenece a MiniC# 
<			linea 109 columnas:18-19 Token: <
/			linea 109 columnas:19-20 Token: /
tbody			linea 109 columnas:20-25 Token: T_IDENTIFICADOR
>			linea 109 columnas:25-26 Token: >
<			linea 109 columnas:26-27 Token: <
/			linea 109 columnas:27-28 Token: /
table			linea 109 columnas:28-33 Token: T_IDENTIFICADOR
>			linea 109 columnas:33-34 Token: >
<			linea 109 columnas:34-35 Token: <
/			linea 109 columnas:35-36 Token: /
div			linea 109 columnas:36-39 Token: T_IDENTIFICADOR
>			linea 109 columnas:39-40 Token: >
*** Error linea 109.*** El caracter: ' ,No pertenece a MiniC# 
;			linea 109 columnas:41-42 Token: ;
iF			linea 110 columnas:0-2 Token: T_IDENTIFICADOR
(			linea 110 columnas:3-4 Token: (
!			linea 110 columnas:4-5 Token: !
isset			linea 110 columnas:6-11 Token: T_IDENTIFICADOR
(			linea 110 columnas:11-12 Token: (
*** Error linea 110.*** El caracter: $ ,No pertenece a MiniC# 
sql_query			linea 110 columnas:13-22 Token: T_IDENTIFICADOR
)			linea 110 columnas:22-23 Token: )
)			linea 110 columnas:23-24 Token: )
{			linea 110 columnas:25-26 Token: {
*** Error linea 111.*** El caracter: $ ,No pertenece a MiniC# 
sql_query			linea 111 columnas:5-14 Token: T_IDENTIFICADOR
=			linea 111 columnas:15-16 Token: =
*** Error linea 111.*** El caracter: ' ,No pertenece a MiniC# 
*** Error linea 111.*** El caracter: ' ,No pertenece a MiniC# 
;			linea 111 columnas:19-20 Token: ;
}			linea 112 columnas:0-1 Token: }
iF			linea 113 columnas:0-2 Token: T_IDENTIFICADOR
(			linea 113 columnas:3-4 Token: (
!			linea 113 columnas:4-5 Token: !
isset			linea 113 columnas:6-11 Token: T_IDENTIFICADOR
(			linea 113 columnas:11-12 Token: (
*** Error linea 113.*** El caracter: $ ,No pertenece a MiniC# 
num_tables			linea 113 columnas:13-23 Token: T_IDENTIFICADOR
)			linea 113 columnas:23-24 Token: )
)			linea 113 columnas:24-25 Token: )
{			linea 113 columnas:26-27 Token: {
*** Error linea 114.*** El caracter: $ ,No pertenece a MiniC# 
num_tables			linea 114 columnas:5-15 Token: T_IDENTIFICADOR
=			linea 114 columnas:16-17 Token: =
0			linea 114 columnas:18-19 Token: T_CONST_ENTERO (valor = 0)
;			linea 114 columnas:19-20 Token: ;
}			linea 115 columnas:0-1 Token: }
IF			linea 116 columnas:0-2 Token: T_IDENTIFICADOR
(			linea 116 columnas:3-4 Token: (
!			linea 116 columnas:4-5 Token: !
isset			linea 116 columnas:6-11 Token: T_IDENTIFICADOR
(			linea 116 columnas:11-12 Token: (
*** Error linea 116.*** El caracter: $ ,No pertenece a MiniC# 
unlim_num_rows			linea 116 columnas:13-27 Token: T_IDENTIFICADOR
)			linea 116 columnas:27-28 Token: )
)			linea 116 columnas:28-29 Token: )
{			linea 116 columnas:30-31 Token: {
*** Error linea 117.*** El caracter: $ ,No pertenece a MiniC# 
unlim_num_rows			linea 117 columnas:5-19 Token: T_IDENTIFICADOR
=			linea 117 columnas:20-21 Token: =
0			linea 117 columnas:22-23 Token: T_CONST_ENTERO (valor = 0)
;			linea 117 columnas:23-24 Token: ;
}			linea 118 columnas:0-1 Token: }
If			linea 119 columnas:0-2 Token: T_IDENTIFICADOR
(			linea 119 columnas:3-4 Token: (
!			linea 119 columnas:4-5 Token: !
isset			linea 119 columnas:6-11 Token: T_IDENTIFICADOR
(			linea 119 columnas:11-12 Token: (
*** Error linea 119.*** El caracter: $ ,No pertenece a MiniC# 
multi_values			linea 119 columnas:13-25 Token: T_IDENTIFICADOR
)			linea 119 columnas:25-26 Token: )
)			linea 119 columnas:26-27 Token: )
{			linea 119 columnas:28-29 Token: {
*** Error linea 120.*** El caracter: $ ,No pertenece a MiniC# 
multi_values			linea 120 columnas:5-17 Token: T_IDENTIFICADOR
=			linea 120 columnas:18-19 Token: =
*** Error linea 120.*** El caracter: ' ,No pertenece a MiniC# 
*** Error linea 120.*** El caracter: ' ,No pertenece a MiniC# 
;			linea 120 columnas:22-23 Token: ;
}			linea 121 columnas:0-1 Token: }
*** Error linea 122.*** El caracter: ? ,No pertenece a MiniC# 
>			linea 122 columnas:1-2 Token: >
